<?xml version="1.0" encoding="UTF-8"?>
<testng-results ignored="0" total="1" passed="1" failed="0" skipped="0">
  <reporter-output>
  </reporter-output>
  <suite started-at="2022-01-30T23:05:08 TRT" name="services.Sample4Test" finished-at="2022-01-30T23:05:10 TRT" duration-ms="2465">
    <groups>
    </groups>
    <test started-at="2022-01-30T23:05:08 TRT" name="Command line test" finished-at="2022-01-30T23:05:10 TRT" duration-ms="2465">
      <class name="services.Sample4Test">
        <test-method signature="getIventory()[pri:0, instance:services.Sample4Test@64f6106c]" started-at="2022-01-30T23:05:08 TRT" name="getIventory" finished-at="2022-01-30T23:05:10 TRT" duration-ms="2439" status="PASS">
          <reporter-output>
          </reporter-output>
        </test-method> <!-- getIventory -->
      </class> <!-- services.Sample4Test -->
    </test> <!-- Command line test -->
  </suite> <!-- services.Sample4Test -->
</testng-results>
